<?xml version="1.0" encoding="UTF-8"?>
<testng-results skipped="0" failed="1" ignored="0" total="1" passed="0">
  <reporter-output>
    <line>
      <![CDATA[<div "result">User should be on Login Page (FAILED : 28s)</div>]]>
    </line>
    <line>
      <![CDATA[<div "result">user should see the &quot;Log in | Typeform&quot; (SKIPPED)</div>]]>
    </line>
    <line>
      <![CDATA[<div "result">user enter username as &quot;test@test.com&quot; (SKIPPED)</div>]]>
    </line>
    <line>
      <![CDATA[<div "result">user enter password as &quot;Test@1234&quot; (SKIPPED)</div>]]>
    </line>
    <line>
      <![CDATA[<div "result">user click on login button (SKIPPED)</div>]]>
    </line>
    <line>
      <![CDATA[<div "result">user get error message as &quot;Your login info isn&#x27;t right. Try again, or reset your password if it slipped your mind. &quot; (SKIPPED)</div>]]>
    </line>
  </reporter-output>
  <suite name="QATechTesting Test Suite" duration-ms="28472" started-at="2021-05-03T11:56:17 IST" finished-at="2021-05-03T11:56:45 IST">
    <groups>
      <group name="cucumber">
        <method signature="AbstractTestNGCucumberTests.runScenario(cucumber.api.testng.PickleEventWrapper, cucumber.api.testng.CucumberFeatureWrapper)[pri:0, instance:runner.TestRunner@64bfbc86]" name="runScenario" class="cucumber.api.testng.AbstractTestNGCucumberTests"/>
      </group> <!-- cucumber -->
    </groups>
    <test name="Navigate and Verify Home Page" duration-ms="28472" started-at="2021-05-03T11:56:17 IST" finished-at="2021-05-03T11:56:45 IST">
      <class name="runner.TestRunner">
        <test-method status="PASS" signature="setUpClass()[pri:0, instance:runner.TestRunner@64bfbc86]" name="setUpClass" is-config="true" duration-ms="191" started-at="2021-05-03T11:56:17 IST" finished-at="2021-05-03T11:56:17 IST">
          <reporter-output>
          </reporter-output>
        </test-method> <!-- setUpClass -->
        <test-method status="PASS" signature="before()[pri:0, instance:runner.TestRunner@64bfbc86]" name="before" is-config="true" duration-ms="1" started-at="2021-05-03T11:56:17 IST" finished-at="2021-05-03T11:56:17 IST">
          <reporter-output>
          </reporter-output>
        </test-method> <!-- before -->
        <test-method status="FAIL" signature="runScenario(cucumber.api.testng.PickleEventWrapper, cucumber.api.testng.CucumberFeatureWrapper)[pri:0, instance:runner.TestRunner@64bfbc86]" name="runScenario" duration-ms="28208" started-at="2021-05-03T11:56:17 IST" description="Runs Cucumber Scenarios" data-provider="scenarios" finished-at="2021-05-03T11:56:45 IST">
          <params>
            <param index="0">
              <value>
                <![CDATA["Test Validation for invalid UserName with correct format"]]>
              </value>
            </param>
            <param index="1">
              <value>
                <![CDATA["ValidationTestForLogin"]]>
              </value>
            </param>
          </params>
          <exception class="java.lang.AssertionError">
            <message>
              <![CDATA[Proxy element for: DefaultElementLocator 'By.xpath: //button[text()='Accept All']'is not available]]>
            </message>
            <full-stacktrace>
              <![CDATA[java.lang.AssertionError: Proxy element for: DefaultElementLocator 'By.xpath: //button[text()='Accept All']'is not available
at org.testng.Assert.fail(Assert.java:97)
at utility.SeleniumUtility.clickOnElement(SeleniumUtility.java:43)
at ActionClasses.CommonUIActions.setAcceptCookies(CommonUIActions.java:24)
at StepFiles.PreconditionSteps.userShouldBeOnLoginPage(PreconditionSteps.java:19)
at âœ½.User should be on Login Page(Features/UITest/ValidationTestForLogin.feature:4)
]]>
            </full-stacktrace>
          </exception> <!-- java.lang.AssertionError -->
          <reporter-output>
            <line>
              <![CDATA[<div "result">User should be on Login Page (FAILED : 28s)</div>]]>
            </line>
            <line>
              <![CDATA[<div "result">user should see the &quot;Log in | Typeform&quot; (SKIPPED)</div>]]>
            </line>
            <line>
              <![CDATA[<div "result">user enter username as &quot;test@test.com&quot; (SKIPPED)</div>]]>
            </line>
            <line>
              <![CDATA[<div "result">user enter password as &quot;Test@1234&quot; (SKIPPED)</div>]]>
            </line>
            <line>
              <![CDATA[<div "result">user click on login button (SKIPPED)</div>]]>
            </line>
            <line>
              <![CDATA[<div "result">user get error message as &quot;Your login info isn&#x27;t right. Try again, or reset your password if it slipped your mind. &quot; (SKIPPED)</div>]]>
            </line>
          </reporter-output>
        </test-method> <!-- runScenario -->
        <test-method status="PASS" signature="after()[pri:0, instance:runner.TestRunner@64bfbc86]" name="after" is-config="true" duration-ms="0" started-at="2021-05-03T11:56:45 IST" finished-at="2021-05-03T11:56:45 IST">
          <reporter-output>
          </reporter-output>
        </test-method> <!-- after -->
        <test-method status="PASS" signature="tearDownClass()[pri:0, instance:runner.TestRunner@64bfbc86]" name="tearDownClass" is-config="true" duration-ms="11" started-at="2021-05-03T11:56:45 IST" finished-at="2021-05-03T11:56:45 IST">
          <reporter-output>
          </reporter-output>
        </test-method> <!-- tearDownClass -->
        <test-method status="PASS" signature="generateHTMLReports()[pri:0, instance:runner.TestRunner@64bfbc86]" name="generateHTMLReports" is-config="true" duration-ms="596" started-at="2021-05-03T11:56:45 IST" finished-at="2021-05-03T11:56:46 IST">
          <reporter-output>
          </reporter-output>
        </test-method> <!-- generateHTMLReports -->
      </class> <!-- runner.TestRunner -->
    </test> <!-- Navigate and Verify Home Page -->
  </suite> <!-- QATechTesting Test Suite -->
</testng-results>
